INFO: [SIM 2] *************** CSIM start ***************
INFO: [SIM 4] CSIM will launch GCC as the compiler.
   Compiling ../../../test_core.cpp in debug mode
   Compiling ../../../core.cpp in debug mode
   Generating csim.exe
M= 0.328831

W[0]= 0.000000

W[1]= 0.000000

W[2]= 0.000000

W[3]= 0.000000

W[4]= 0.000000

W[5]= 0.000000

W[6]= 0.000000

W[7]= 0.000000

W[8]= 0.000000

W[9]= 0.000000

W[10]= 0.000000

W[11]= 0.000000

W[12]= 0.000000

W[13]= 0.000000

INFO: [SIM 1] CSim done with 0 errors.
INFO: [SIM 3] *************** CSIM finish ***************
